
ROM used:   637/8192 (8%)
            637/8192 (8%) including unused fragments

            0.6 Average locations per line
            7.5 Average locations per statement

RAM used:   39/368 (11%) at main() level
            65/368 (18%) worst case

Stack used: 6 worst case (3 in main + 3 for interrupts)
Stack size: 8

Lines Stmts  %   Files
----- ----- ---  -----
  189    85 100  tablero.c
   60     0   0  ..\tablero.h
  758     0   0  ..\..\..\..\..\..\..\..\..\Program Files (x86)\PICC\Devices\16F887.h
----- -----
 1007    85 Total

Page ROM  %  RAM   Vol Diff  Functions:
---- --- --- ---   --- ----  ----------
0     20   3    1             @delay_ms1
0     56   9    1   461  6.6  TIMER1_isr
0     85  13    0   183  2.2  MAIN
0    275  43    2   870  6.3  set_time_func
 Inline         9   685  6.7  incre_decre
0     47   7    9   125  4.0  dec_uni
0     21   3    3             @DIV88
0     84  13    1   295  1.9  displays
 Inline         0             @cinit1

Program metrics:
    Functions               6
    Statements              85
    Comments                214
    Volume (V)              3752
    Difficulty (D)          27.1
    Effort to implement (E) 101559
    Time to implement (T)   1 hours, 34 minutes
    Est Delivered Bugs (B)  1
    Cyclomatic Complexity   19
    Maintainability (MI)    102

 Segment     Used  Free
-----------  ----  ----
00000-00003     4  0  
00004-00030    45  0  
00031-007FF   588  1411  
00800-00FFF     0  2048  
01000-017FF     0  2048  
01800-01FFF     0  2048  



